2026-06-15 05:35:34,688 [INFO] ==================================================
2026-06-15 05:35:34,688 [INFO] 合并定投提醒脚本启动 - 20260615
2026-06-15 05:35:34,688 [INFO] 当前北京时间: 2026-06-15 13:35:34
2026-06-15 05:35:34,688 [INFO] ==================================================
2026-06-15 05:35:34,688 [WARNING] 当前北京时间 13:00 不在推送窗口(08:00~11:59)，跳过推送
2026-06-15 05:35:34,688 [INFO] 状态文件已保存: /home/runner/work/auto-invest-reminder/auto-invest-reminder/logs/combined_20260615_status.json
2026-06-15 18:17:03,016 [INFO] ==================================================
2026-06-15 18:17:03,016 [INFO] 合并定投提醒脚本启动 - 20260616
2026-06-15 18:17:03,016 [INFO] 当前北京时间: 2026-06-16 02:17:03
2026-06-15 18:17:03,016 [INFO] ==================================================
2026-06-15 18:17:03,016 [WARNING] 当前北京时间 2:00 不在推送窗口(08:00~11:59)，跳过推送
2026-06-15 18:17:03,017 [INFO] 状态文件已保存: /home/runner/work/auto-invest-reminder/auto-invest-reminder/logs/combined_20260616_status.json
2026-06-15 18:51:44,574 [INFO] ==================================================
2026-06-15 18:51:44,574 [INFO] 合并定投提醒脚本启动 - 20260616
2026-06-15 18:51:44,574 [INFO] 当前北京时间: 2026-06-16 02:51:44
2026-06-15 18:51:44,574 [INFO] ==================================================
2026-06-15 18:51:44,574 [WARNING] 当前北京时间 2:00 不在推送窗口(08:00~11:59)，跳过推送
2026-06-15 18:51:44,575 [INFO] 状态文件已保存: /home/runner/work/auto-invest-reminder/auto-invest-reminder/logs/combined_20260616_status.json
2026-06-18 11:52:22,198 [INFO] ==================================================
2026-06-18 11:52:22,198 [INFO] 合并定投提醒脚本启动 - 20260618
2026-06-18 11:52:22,198 [INFO] 当前北京时间: 2026-06-18 19:52:22
2026-06-18 11:52:22,198 [INFO] ==================================================
2026-06-18 11:52:22,198 [INFO] --- 获取 515450 ETF 数据 ---
2026-06-18 11:52:24,580 [INFO] 515450红利低波50ETF 数据获取成功，共 1530 条记录（第 1 次尝试）
2026-06-18 11:52:24,582 [INFO] 指标计算完成: 当前价格=1.39元, 250日均线=1.43元, 偏离度=-3.09%
2026-06-18 11:52:24,582 [INFO] 515450红利低波50ETF 分析完成: 价格显著低于均线，定投良机
2026-06-18 11:52:24,582 [INFO] --- 获取纳斯达克100指数数据 ---
2026-06-18 11:52:25,015 [INFO] 纳斯达克100指数 数据获取成功，共 3101 条记录（第 1 次尝试）
2026-06-18 11:52:25,016 [INFO] 指标计算完成: 当前价格=29670.95点, 200日均线=25795.98点, 偏离度=+15.02%
2026-06-18 11:52:25,017 [INFO] nasdaq_valuation_fetcher 模块不可用，尝试蛋卷基金API...
2026-06-18 11:52:25,017 [DEBUG] 请求蛋卷API: https://danjuanfunds.com/djapi/index_eva/pe_history/NDX?day=10y
2026-06-18 11:52:25,668 [INFO] 蛋卷 NDX PE 获取成功, 0 条记录, 当前值=None
2026-06-18 11:52:25,669 [DEBUG] 请求蛋卷API: https://danjuanfunds.com/djapi/index_eva/pb_history/NDX?day=10y
2026-06-18 11:52:26,336 [INFO] 蛋卷 NDX PB 获取成功, 0 条记录, 当前值=None
2026-06-18 11:52:26,337 [INFO] 纳斯达克100指数 分析完成: 价格显著高于均线，考虑减仓
2026-06-18 11:52:26,337 [INFO] 推送消息已构建
2026-06-18 11:52:26,337 [DEBUG] 消息内容:
【Trae】定投偏离度 - 2026-06-17

### 515450红利低波50ETF

- 当前价格：1.39元
- 250日均线：1.43元
- 偏离度：-3.1%
- 状态：价格显著低于均线，定投良机
- 建议：定投买入
---
### 纳斯达克100指数

- 当前价格：29670.95点
- 200日均线：25795.98点
- 偏离度：+15.0%
- 近1年最高：30660.6点
- 回撤幅度：-3.2%
- PE：None（近10年 None% 百分位）
- PB：None（近10年 None% 百分位）
- 状态：价格显著高于均线，考虑减仓
- 建议：持有不动

> 纳斯达克100每年都会有15%~20%的回撤，只有超过这个幅度的回撤才考虑加仓
============================================================
日志备用渠道 - 2026-06-18T19:52:26.337777+08:00
============================================================
[515450ETF] 日期=2026-06-17, 价格=1.39元, 均线=1.43元, 偏离度=-3.09%, 状态=价格显著低于均线，定投良机, 建议=定投买入
[纳斯达克100] 日期=2026-06-17, 价格=29670.95点, 均线=25795.98点, 偏离度=15.02%, 近1年最高=30660.6点, 回撤=-3.23%, PE=None(None%), PB=None(None%), 评级=未知, 状态=价格显著高于均线，考虑减仓, 建议=持有不动

2026-06-18 11:52:26,337 [INFO] 日志备用渠道已记录
2026-06-18 11:52:26,337 [INFO] PushDeer 推送中...（第 1 次尝试）
2026-06-18 11:52:27,699 [DEBUG] PushDeer HTTP状态: 200
2026-06-18 11:52:27,699 [DEBUG] PushDeer 原始响应: {"code":0,"content":{"result":["{\"counts\":1,\"logs\":[],\"success\":\"ok\"}"]}}
2026-06-18 11:52:27,699 [INFO] PushDeer 返回 code=0, content={"result": ["{\"counts\":1,\"logs\":[],\"success\":\"ok\"}"]}
2026-06-18 11:52:27,699 [INFO] PushDeer 推送成功
2026-06-18 11:52:27,700 [INFO] 状态文件已保存: /home/runner/work/auto-invest-reminder/auto-invest-reminder/logs/combined_20260618_status.json
2026-06-18 11:52:27,700 [INFO] ==================================================
2026-06-18 11:52:27,700 [INFO] 脚本执行完成 - 成功
2026-06-18 11:52:27,701 [INFO] 摘要: ETF: 成功 | 纳斯达克: 成功 | 推送: 成功
2026-06-18 11:52:27,701 [INFO] ==================================================
2026-06-23 07:45:26,155 [INFO] ==================================================
2026-06-23 07:45:26,155 [INFO] 合并定投提醒脚本启动 - 20260623
2026-06-23 07:45:26,155 [INFO] 当前北京时间: 2026-06-23 15:45:26
2026-06-23 07:45:26,155 [INFO] ==================================================
2026-06-23 07:45:26,155 [INFO] --- 获取 515450 ETF 数据 ---
2026-06-23 07:45:28,215 [INFO] 515450红利低波50ETF 数据获取成功，共 1532 条记录（第 1 次尝试）
2026-06-23 07:45:28,216 [INFO] 指标计算完成: 当前价格=1.36元, 250日均线=1.43元, 偏离度=-4.79%
2026-06-23 07:45:28,216 [INFO] 515450红利低波50ETF 分析完成: 价格显著低于均线，定投良机
2026-06-23 07:45:28,216 [INFO] --- 获取纳斯达克100指数数据 ---
2026-06-23 07:45:28,425 [INFO] 纳斯达克100指数 数据获取成功，共 3103 条记录（第 1 次尝试）
2026-06-23 07:45:28,427 [INFO] 指标计算完成: 当前价格=30347.08点, 200日均线=25866.52点, 偏离度=+17.32%
2026-06-23 07:45:28,427 [INFO] nasdaq_valuation_fetcher 模块不可用，尝试蛋卷基金API...
2026-06-23 07:45:28,427 [DEBUG] 请求蛋卷API: https://danjuanfunds.com/djapi/index_eva/pe_history/NDX?day=all
2026-06-23 07:45:29,355 [INFO] 蛋卷 NDX PE 获取成功, 513 条记录, 当前值=34.9084
2026-06-23 07:45:29,356 [DEBUG] 请求蛋卷API: https://danjuanfunds.com/djapi/index_eva/pb_history/NDX?day=all
2026-06-23 07:45:30,085 [INFO] 蛋卷 NDX PB 获取成功, 513 条记录, 当前值=10.2209
2026-06-23 07:45:30,086 [INFO] 纳斯达克100指数 分析完成: 价格显著高于均线，考虑减仓
2026-06-23 07:45:30,087 [INFO] 推送消息已构建
2026-06-23 07:45:30,087 [DEBUG] 消息内容:
【Trae】定投偏离度 - 2026-06-22

### 515450红利低波50ETF

- 当前价格：1.36元
- 250日均线：1.43元
- 偏离度：-4.8%
- 状态：价格显著低于均线，定投良机
- 建议：定投买入
---
### 纳斯达克100指数

- 当前价格：30347.08点
- 200日均线：25866.52点
- 偏离度：+17.3%
- 近1年最高：30660.6点
- 回撤幅度：-1.0%
- PE：34.91（近10年 70.76% 百分位）
- PB：10.22（近10年 96.1% 百分位）
- 状态：价格显著高于均线，考虑减仓
- 建议：持有不动

> 纳斯达克100每年都会有15%~20%的回撤，只有超过这个幅度的回撤才考虑加仓
============================================================
日志备用渠道 - 2026-06-23T15:45:30.087575+08:00
============================================================
[515450ETF] 日期=2026-06-22, 价格=1.36元, 均线=1.43元, 偏离度=-4.79%, 状态=价格显著低于均线，定投良机, 建议=定投买入
[纳斯达克100] 日期=2026-06-22, 价格=30347.08点, 均线=25866.52点, 偏离度=17.32%, 近1年最高=30660.6点, 回撤=-1.02%, PE=34.91(70.76%), PB=10.22(96.1%), 评级=高估, 状态=价格显著高于均线，考虑减仓, 建议=持有不动

2026-06-23 07:45:30,087 [INFO] 日志备用渠道已记录
2026-06-23 07:45:30,087 [INFO] PushDeer 推送中...（第 1 次尝试）
2026-06-23 07:45:31,510 [DEBUG] PushDeer HTTP状态: 200
2026-06-23 07:45:31,510 [DEBUG] PushDeer 原始响应: {"code":0,"content":{"result":["{\"counts\":1,\"logs\":[],\"success\":\"ok\"}"]}}
2026-06-23 07:45:31,510 [INFO] PushDeer 返回 code=0, content={"result": ["{\"counts\":1,\"logs\":[],\"success\":\"ok\"}"]}
2026-06-23 07:45:31,510 [INFO] PushDeer 推送成功
2026-06-23 07:45:31,512 [INFO] 状态文件已保存: /home/runner/work/auto-invest-reminder/auto-invest-reminder/logs/combined_20260623_status.json
2026-06-23 07:45:31,512 [INFO] ==================================================
2026-06-23 07:45:31,512 [INFO] 脚本执行完成 - 成功
2026-06-23 07:45:31,512 [INFO] 摘要: ETF: 成功 | 纳斯达克: 成功 | 推送: 成功
2026-06-23 07:45:31,512 [INFO] ==================================================
